<?xml version="1.0" encoding="UTF-8"?>
<testng-results ignored="0" total="2" passed="2" failed="0" skipped="0">
  <reporter-output>
  </reporter-output>
  <suite started-at="2024-11-14T19:24:48 IST" name="Default suite" finished-at="2024-11-14T19:24:48 IST" duration-ms="25">
    <groups>
    </groups>
    <test started-at="2024-11-14T19:24:48 IST" name="Default test" finished-at="2024-11-14T19:24:48 IST" duration-ms="25">
      <class name="TextNG.TextNG1">
        <test-method is-config="true" signature="beforeSuite()[pri:0, instance:TextNG.TextNG1@595b007d]" started-at="2024-11-14T19:24:48 IST" name="beforeSuite" finished-at="2024-11-14T19:24:48 IST" duration-ms="4" status="PASS">
          <reporter-output>
          </reporter-output>
        </test-method> <!-- beforeSuite -->
        <test-method is-config="true" signature="beforeTest()[pri:0, instance:TextNG.TextNG1@595b007d]" started-at="2024-11-14T19:24:48 IST" name="beforeTest" finished-at="2024-11-14T19:24:48 IST" duration-ms="1" status="PASS">
          <reporter-output>
          </reporter-output>
        </test-method> <!-- beforeTest -->
        <test-method is-config="true" signature="beforeClass()[pri:0, instance:TextNG.TextNG1@595b007d]" started-at="2024-11-14T19:24:48 IST" name="beforeClass" finished-at="2024-11-14T19:24:48 IST" duration-ms="0" status="PASS">
          <reporter-output>
          </reporter-output>
        </test-method> <!-- beforeClass -->
        <test-method signature="f()[pri:0, instance:TextNG.TextNG1@595b007d]" started-at="2024-11-14T19:24:48 IST" name="f" finished-at="2024-11-14T19:24:48 IST" duration-ms="4" status="PASS">
          <reporter-output>
          </reporter-output>
        </test-method> <!-- f -->
        <test-method is-config="true" signature="afterMethod()[pri:0, instance:TextNG.TextNG1@595b007d]" started-at="2024-11-14T19:24:48 IST" name="afterMethod" finished-at="2024-11-14T19:24:48 IST" duration-ms="0" status="PASS">
          <reporter-output>
          </reporter-output>
        </test-method> <!-- afterMethod -->
        <test-method signature="s()[pri:0, instance:TextNG.TextNG1@595b007d]" started-at="2024-11-14T19:24:48 IST" name="s" finished-at="2024-11-14T19:24:48 IST" duration-ms="1" status="PASS">
          <reporter-output>
          </reporter-output>
        </test-method> <!-- s -->
        <test-method is-config="true" signature="afterMethod()[pri:0, instance:TextNG.TextNG1@595b007d]" started-at="2024-11-14T19:24:48 IST" name="afterMethod" finished-at="2024-11-14T19:24:48 IST" duration-ms="0" status="PASS">
          <reporter-output>
          </reporter-output>
        </test-method> <!-- afterMethod -->
        <test-method is-config="true" signature="afterClass()[pri:0, instance:TextNG.TextNG1@595b007d]" started-at="2024-11-14T19:24:48 IST" name="afterClass" finished-at="2024-11-14T19:24:48 IST" duration-ms="0" status="PASS">
          <reporter-output>
          </reporter-output>
        </test-method> <!-- afterClass -->
        <test-method is-config="true" signature="afterTest()[pri:0, instance:TextNG.TextNG1@595b007d]" started-at="2024-11-14T19:24:48 IST" name="afterTest" finished-at="2024-11-14T19:24:48 IST" duration-ms="1" status="PASS">
          <reporter-output>
          </reporter-output>
        </test-method> <!-- afterTest -->
        <test-method is-config="true" signature="afterSuite()[pri:0, instance:TextNG.TextNG1@595b007d]" started-at="2024-11-14T19:24:48 IST" name="afterSuite" finished-at="2024-11-14T19:24:48 IST" duration-ms="0" status="PASS">
          <reporter-output>
          </reporter-output>
        </test-method> <!-- afterSuite -->
      </class> <!-- TextNG.TextNG1 -->
    </test> <!-- Default test -->
  </suite> <!-- Default suite -->
</testng-results>
